<?xml version="1.0" encoding="UTF-8"?>
<testng-results skipped="0" failed="0" total="1" passed="1">
  <reporter-output>
  </reporter-output>
  <suite name="example.NewTest" duration-ms="6725" started-at="2018-07-24T03:23:14Z" finished-at="2018-07-24T03:23:21Z">
    <groups>
    </groups>
    <test name="Command line test" duration-ms="6725" started-at="2018-07-24T03:23:14Z" finished-at="2018-07-24T03:23:21Z">
      <class name="example.NewTest">
        <test-method status="PASS" signature="testEasy()[pri:0, instance:example.NewTest@4411d970]" name="testEasy" duration-ms="6460" started-at="2018-07-24T15:23:14Z" finished-at="2018-07-24T15:23:20Z">
          <reporter-output>
          </reporter-output>
        </test-method> <!-- testEasy -->
        <test-method status="PASS" signature="afterTest()[pri:0, instance:example.NewTest@4411d970]" name="afterTest" is-config="true" duration-ms="257" started-at="2018-07-24T15:23:20Z" finished-at="2018-07-24T15:23:21Z">
          <reporter-output>
          </reporter-output>
        </test-method> <!-- afterTest -->
      </class> <!-- example.NewTest -->
    </test> <!-- Command line test -->
  </suite> <!-- example.NewTest -->
</testng-results>
